<?xml version="1.0" encoding="UTF-8"?>
<!-- Generated by org.testng.reporters.JUnitReportReporter -->
<testsuite hostname="sathish" failures="0" tests="1" name="com.testscenarios.FB_Login" time="10.208" errors="0" timestamp="2022-02-22T10:27:16 SGT" skipped="0">
  <testcase classname="com.testscenarios.FB_Login" name="f" time="10.208"/>
  <system-out/>
</testsuite> <!-- com.testscenarios.FB_Login -->
