<?xml version="1.0" encoding="UTF-8"?>
<!-- Generated by org.testng.reporters.JUnitReportReporter -->
<testsuite hostname="sathish" failures="0" tests="1" name="com.testscenarios.FB_Login_properties" time="10.227" errors="0" timestamp="2022-02-22T15:46:55 SGT" skipped="0">
  <testcase classname="com.testscenarios.FB_Login_properties" name="f" time="10.227"/>
  <system-out/>
</testsuite> <!-- com.testscenarios.FB_Login_properties -->
