<?xml version="1.0" encoding="UTF-8"?>
<!-- Generated by org.testng.reporters.JUnitReportReporter -->
<testsuite hostname="sathish" failures="0" tests="1" name="com.testscenarios.Utilities" time="1.996" errors="0" timestamp="2022-02-26T13:38:02 SGT" skipped="0">
  <testcase classname="com.testscenarios.Utilities" name="f" time="1.996"/>
  <system-out/>
</testsuite> <!-- com.testscenarios.Utilities -->
