<?xml version="1.0" encoding="UTF-8"?>
<!-- Generated by org.testng.reporters.JUnitReportReporter -->
<testsuite hostname="sathish" failures="0" tests="1" name="com.testscenarios.PopupHandle" time="11.568" errors="0" timestamp="2022-02-27T13:17:57 SGT" skipped="0">
  <testcase classname="com.testscenarios.PopupHandle" name="f" time="11.568"/>
  <system-out/>
</testsuite> <!-- com.testscenarios.PopupHandle -->
