<?xml version="1.0" encoding="UTF-8"?>
<!-- Generated by org.testng.reporters.JUnitReportReporter -->
<testsuite hostname="sathish" failures="0" tests="1" name="com.testscenarios.DateandTime" time="5.206" errors="0" timestamp="2022-02-22T17:13:09 SGT" skipped="0">
  <testcase classname="com.testscenarios.DateandTime" name="f" time="5.206"/>
  <system-out/>
</testsuite> <!-- com.testscenarios.DateandTime -->
