<?xml version="1.0" encoding="UTF-8"?>
<!-- Generated by org.testng.reporters.JUnitReportReporter -->
<testsuite hostname="sathish" failures="0" tests="1" name="com.testscenarios.Fb_Excel" time="0.550" errors="0" timestamp="2022-03-14T20:42:13 IST" skipped="0">
  <testcase classname="com.testscenarios.Fb_Excel" name="f" time="0.550"/>
  <system-out/>
</testsuite> <!-- com.testscenarios.Fb_Excel -->
