<?xml version="1.0" encoding="UTF-8"?>
<!-- Generated by org.testng.reporters.JUnitReportReporter -->
<testsuite hostname="sathish" failures="0" tests="1" name="com.testscenarios.Excel_ReadData" time="0.977" errors="0" timestamp="2022-03-09T00:18:57 IST" skipped="0">
  <testcase classname="com.testscenarios.Excel_ReadData" name="f" time="0.977"/>
  <system-out/>
</testsuite> <!-- com.testscenarios.Excel_ReadData -->
