<?xml version="1.0" encoding="UTF-8"?>
<!-- Generated by org.testng.reporters.JUnitReportReporter -->
<testsuite hostname="sathish" failures="0" tests="2" name="com.testscenarios.PopupHandle_Assigment" time="21.532" errors="0" timestamp="2022-03-09T20:18:23 IST" skipped="0">
  <testcase classname="com.testscenarios.PopupHandle_Assigment" name="g" time="3.050"/>
  <system-out/>
  <testcase classname="com.testscenarios.PopupHandle_Assigment" name="f" time="18.482"/>
  <system-out/>
</testsuite> <!-- com.testscenarios.PopupHandle_Assigment -->
