<?xml version="1.0" encoding="UTF-8"?>
<!-- Generated by org.testng.reporters.JUnitReportReporter -->
<testsuite hostname="sathish" failures="0" tests="1" name="com.testscenarios.Iframe_Click_Operator" time="10.506" errors="0" timestamp="2022-03-22T15:51:44 IST" skipped="0">
  <testcase classname="com.testscenarios.Iframe_Click_Operator" name="f" time="10.506"/>
  <system-out/>
</testsuite> <!-- com.testscenarios.Iframe_Click_Operator -->
