<?xml version="1.0" encoding="UTF-8"?>
<!-- Generated by org.testng.reporters.JUnitReportReporter -->
<testsuite hostname="sathish" failures="0" tests="1" name="com.testscenarios.DatabaseTesting" time="0.964" errors="0" timestamp="2022-03-20T23:05:34 IST" skipped="0">
  <testcase classname="com.testscenarios.DatabaseTesting" name="f" time="0.964"/>
  <system-out/>
</testsuite> <!-- com.testscenarios.DatabaseTesting -->
