<?xml version="1.0" encoding="UTF-8"?>
<!-- Generated by org.testng.reporters.JUnitReportReporter -->
<testsuite hostname="sathish" failures="0" tests="1" name="com.testscenarios.CallingVaues_Excelsheet" time="10.392" errors="0" timestamp="2022-03-09T01:43:42 IST" skipped="0">
  <testcase classname="com.testscenarios.CallingVaues_Excelsheet" name="f" time="10.392"/>
  <system-out/>
</testsuite> <!-- com.testscenarios.CallingVaues_Excelsheet -->
