<?xml version="1.0" encoding="UTF-8"?>
<!-- Generated by org.testng.reporters.JUnitReportReporter -->
<testsuite hostname="sathish" failures="0" tests="1" name="com.testscenarios.Popup_Toyoto_calci" time="40.345" errors="0" timestamp="2022-03-24T01:25:10 IST" skipped="0">
  <testcase classname="com.testscenarios.Popup_Toyoto_calci" name="f" time="40.345"/>
  <system-out/>
</testsuite> <!-- com.testscenarios.Popup_Toyoto_calci -->
