<?xml version="1.0" encoding="UTF-8"?>
<!-- Generated by org.testng.reporters.JUnitReportReporter -->
<testsuite hostname="sathish" failures="0" tests="2" name="com.testscenarios.Screenshot_Assingment" time="21.669" errors="0" timestamp="2022-03-01T14:03:20 SGT" skipped="0">
  <testcase classname="com.testscenarios.Screenshot_Assingment" name="f" time="14.822"/>
  <system-out/>
  <testcase classname="com.testscenarios.Screenshot_Assingment" name="g" time="6.847"/>
  <system-out/>
</testsuite> <!-- com.testscenarios.Screenshot_Assingment -->
