<?xml version="1.0" encoding="UTF-8"?>
<!-- Generated by org.testng.reporters.JUnitReportReporter -->
<testsuite hostname="sathish" failures="0" tests="1" name="com.testscenarios.Dropdownhandle" time="13.975" errors="0" timestamp="2022-03-09T20:09:50 IST" skipped="0">
  <testcase classname="com.testscenarios.Dropdownhandle" name="f" time="13.975"/>
  <system-out/>
</testsuite> <!-- com.testscenarios.Dropdownhandle -->
