<?xml version="1.0" encoding="UTF-8"?>
<!-- Generated by org.testng.reporters.JUnitReportReporter -->
<testsuite hostname="sathish" failures="0" tests="1" name="com.testscenarios.PopupHandle" time="12.124" errors="0" timestamp="2022-03-21T09:24:02 IST" skipped="0">
  <testcase classname="com.testscenarios.PopupHandle" name="f" time="12.124"/>
  <system-out/>
</testsuite> <!-- com.testscenarios.PopupHandle -->
