<?xml version="1.0" encoding="UTF-8"?>
<!-- Generated by org.testng.reporters.JUnitReportReporter -->
<testsuite hostname="sathish" failures="0" tests="1" name="com.testscenarios.Utilities" time="5.837" errors="0" timestamp="2022-03-09T20:22:11 IST" skipped="0">
  <testcase classname="com.testscenarios.Utilities" name="f" time="5.837"/>
  <system-out/>
</testsuite> <!-- com.testscenarios.Utilities -->
