<?xml version="1.0" encoding="UTF-8"?>
<!-- Generated by org.testng.reporters.JUnitReportReporter -->
<testsuite hostname="sathish" failures="0" tests="1" name="com.testscenarios.Template" time="0.254" errors="0" timestamp="2022-02-25T21:31:34 SGT" skipped="0">
  <testcase classname="com.testscenarios.Template" name="f" time="0.254"/>
  <system-out/>
</testsuite> <!-- com.testscenarios.Template -->
