<?xml version="1.0" encoding="UTF-8"?>
<!-- Generated by org.testng.reporters.JUnitReportReporter -->
<testsuite hostname="sathish" failures="0" tests="2" name="com.testscenarios.PopupHandle_Assigment" time="15.816" errors="0" timestamp="2022-03-01T01:00:31 SGT" skipped="0">
  <testcase classname="com.testscenarios.PopupHandle_Assigment" name="f" time="12.777"/>
  <system-out/>
  <testcase classname="com.testscenarios.PopupHandle_Assigment" name="g" time="3.039"/>
  <system-out/>
</testsuite> <!-- com.testscenarios.PopupHandle_Assigment -->
